{
  "stats": {
    "suites": 1,
    "tests": 1,
    "passes": 1,
    "pending": 0,
    "failures": 0,
    "start": "2024-05-05T05:09:29.784Z",
    "end": "2024-05-05T05:09:39.319Z",
    "duration": 9535,
    "testsRegistered": 1,
    "passPercent": 100,
    "pendingPercent": 0,
    "other": 0,
    "hasOther": false,
    "skipped": 0,
    "hasSkipped": false
  },
  "results": [
    {
      "uuid": "9b45e61d-9a8f-4504-b0ff-58e9d99cbfc9",
      "title": "",
      "fullFile": "cypress/integration/examples/Calendar.js",
      "file": "cypress/integration/examples/Calendar.js",
      "beforeHooks": [],
      "afterHooks": [],
      "tests": [],
      "suites": [
        {
          "uuid": "3087f1e8-0073-49d6-9dc6-6fcf69b2514b",
          "title": "Handling Calendar Dates",
          "fullFile": "",
          "file": "",
          "beforeHooks": [],
          "afterHooks": [],
          "tests": [
            {
              "title": "Selecting a particular Date",
              "fullTitle": "Handling Calendar Dates Selecting a particular Date",
              "timedOut": null,
              "duration": 3853,
              "state": "passed",
              "speed": "fast",
              "pass": true,
              "fail": false,
              "pending": false,
              "context": null,
              "code": "cy.visit(\"https://rahulshettyacademy.com/seleniumPractise/#/offers\");\ncy.get('[class=\"react-date-picker__calendar-button react-date-picker__button\"]').click();\ncy.get('[class= \"react-calendar__navigation__label__labelText react-calendar__navigation__label__labelText--from\"]').click().click();\ncy.get('div[class=\"react-calendar__decade-view__years\"]').find('button').each(($el, index, $list) => {\n  var year = $el.text();\n  if (year === expectedYear) {\n    cy.wrap($el).click();\n  }\n});\ncy.get('div[class=\"react-calendar__year-view__months\"] button').eq(expectedMonth - 1).click();\ncy.get('div[class=\"react-calendar__month-view__days\"]').find('button').each(($el, index, $list) => {\n  var day = $el.text();\n  if (day === expectedDay) {\n    cy.wrap($el).click();\n  }\n});\ncy.get('div[class = \"react-date-picker__inputGroup\"] input').invoke('attr', 'value').should('equal', expectedYear + \"-\" + expectedMonth + \"-\" + expectedDay);",
              "err": {},
              "uuid": "7dcd214a-04cd-4a79-9ccf-0998df74d921",
              "parentUUID": "3087f1e8-0073-49d6-9dc6-6fcf69b2514b",
              "isHook": false,
              "skipped": false
            }
          ],
          "suites": [],
          "passes": [
            "7dcd214a-04cd-4a79-9ccf-0998df74d921"
          ],
          "failures": [],
          "pending": [],
          "skipped": [],
          "duration": 3853,
          "root": false,
          "rootEmpty": false,
          "_timeout": 2000
        }
      ],
      "passes": [],
      "failures": [],
      "pending": [],
      "skipped": [],
      "duration": 0,
      "root": true,
      "rootEmpty": true,
      "_timeout": 2000
    }
  ],
  "meta": {
    "mocha": {
      "version": "7.0.1"
    },
    "mochawesome": {
      "options": {
        "quiet": false,
        "reportFilename": "mochawesome",
        "saveHtml": false,
        "saveJson": true,
        "consoleReporter": "spec",
        "useInlineDiffs": false,
        "code": true
      },
      "version": "7.1.3"
    },
    "marge": {
      "options": {
        "overwrite": false,
        "html": false,
        "json": true,
        "reportDir": "cypress/reports/html/.jsons"
      },
      "version": "6.2.0"
    }
  }
}