{
  "stats": {
    "suites": 1,
    "tests": 3,
    "passes": 3,
    "pending": 0,
    "failures": 0,
    "start": "2024-05-05T05:09:05.954Z",
    "end": "2024-05-05T05:09:26.068Z",
    "duration": 20114,
    "testsRegistered": 3,
    "passPercent": 100,
    "pendingPercent": 0,
    "other": 0,
    "hasOther": false,
    "skipped": 0,
    "hasSkipped": false
  },
  "results": [
    {
      "uuid": "d0148cec-810c-4b5d-8fa0-8b26b8ef058a",
      "title": "",
      "fullFile": "cypress/integration/examples/Alerts.js",
      "file": "cypress/integration/examples/Alerts.js",
      "beforeHooks": [],
      "afterHooks": [],
      "tests": [],
      "suites": [
        {
          "uuid": "9b9a2f22-b74a-4ebe-804e-f06f222cbc77",
          "title": "Handling Alerts and Pop-ups",
          "fullFile": "",
          "file": "",
          "beforeHooks": [],
          "afterHooks": [],
          "tests": [
            {
              "title": "Handling Alerts",
              "fullTitle": "Handling Alerts and Pop-ups Handling Alerts",
              "timedOut": null,
              "duration": 7347,
              "state": "passed",
              "speed": "medium",
              "pass": true,
              "fail": false,
              "pending": false,
              "context": null,
              "code": "cy.visit('https://rahulshettyacademy.com/AutomationPractice/');\n//click on Alert Button\n//Cypress will auto accept the alerts\ncy.get('#alertbtn').click();\n//Validate the text of the Alert is the expectd\ncy.on('window:alert', str => {\n  expect(str).to.equal('Hello , share this practice page and share your knowledge');\n});",
              "err": {},
              "uuid": "72c8ac19-8bc2-4682-8ee4-46cbc327dda4",
              "parentUUID": "9b9a2f22-b74a-4ebe-804e-f06f222cbc77",
              "isHook": false,
              "skipped": false
            },
            {
              "title": "Accept Confirmation Pop-ups",
              "fullTitle": "Handling Alerts and Pop-ups Accept Confirmation Pop-ups",
              "timedOut": null,
              "duration": 3765,
              "state": "passed",
              "speed": "fast",
              "pass": true,
              "fail": false,
              "pending": false,
              "context": null,
              "code": "cy.visit('https://rahulshettyacademy.com/AutomationPractice/');\ncy.get('#confirmbtn').click();\n//Validate the text of the Alert is the expectd\ncy.on('window:confirm', str => {\n  expect(str).to.equal('Hello , Are you sure you want to confirm?');\n});",
              "err": {},
              "uuid": "3d0a9225-e595-4f91-adcc-aad1bed32937",
              "parentUUID": "9b9a2f22-b74a-4ebe-804e-f06f222cbc77",
              "isHook": false,
              "skipped": false
            },
            {
              "title": "Cancel Confirmation Pop-ups",
              "fullTitle": "Handling Alerts and Pop-ups Cancel Confirmation Pop-ups",
              "timedOut": null,
              "duration": 3281,
              "state": "passed",
              "speed": "fast",
              "pass": true,
              "fail": false,
              "pending": false,
              "context": null,
              "code": "cy.visit('https://rahulshettyacademy.com/AutomationPractice/');\ncy.get('#confirmbtn').click();\n//Validate the text of the Alert is the expectd\ncy.on('window:confirm', () => false);",
              "err": {},
              "uuid": "bee90de0-64fb-4cdb-8c90-9ea4a79d3359",
              "parentUUID": "9b9a2f22-b74a-4ebe-804e-f06f222cbc77",
              "isHook": false,
              "skipped": false
            }
          ],
          "suites": [],
          "passes": [
            "72c8ac19-8bc2-4682-8ee4-46cbc327dda4",
            "3d0a9225-e595-4f91-adcc-aad1bed32937",
            "bee90de0-64fb-4cdb-8c90-9ea4a79d3359"
          ],
          "failures": [],
          "pending": [],
          "skipped": [],
          "duration": 14393,
          "root": false,
          "rootEmpty": false,
          "_timeout": 2000
        }
      ],
      "passes": [],
      "failures": [],
      "pending": [],
      "skipped": [],
      "duration": 0,
      "root": true,
      "rootEmpty": true,
      "_timeout": 2000
    }
  ],
  "meta": {
    "mocha": {
      "version": "7.0.1"
    },
    "mochawesome": {
      "options": {
        "quiet": false,
        "reportFilename": "mochawesome",
        "saveHtml": false,
        "saveJson": true,
        "consoleReporter": "spec",
        "useInlineDiffs": false,
        "code": true
      },
      "version": "7.1.3"
    },
    "marge": {
      "options": {
        "overwrite": false,
        "html": false,
        "json": true,
        "reportDir": "cypress/reports/html/.jsons"
      },
      "version": "6.2.0"
    }
  }
}