{
  "stats": {
    "suites": 1,
    "tests": 2,
    "passes": 2,
    "pending": 0,
    "failures": 0,
    "start": "2024-05-05T05:09:42.696Z",
    "end": "2024-05-05T05:10:04.919Z",
    "duration": 22223,
    "testsRegistered": 2,
    "passPercent": 100,
    "pendingPercent": 0,
    "other": 0,
    "hasOther": false,
    "skipped": 0,
    "hasSkipped": false
  },
  "results": [
    {
      "uuid": "9b0b8da9-d8e4-4996-a904-b9a5785baf45",
      "title": "",
      "fullFile": "cypress/integration/examples/Checkboxes.js",
      "file": "cypress/integration/examples/Checkboxes.js",
      "beforeHooks": [],
      "afterHooks": [],
      "tests": [],
      "suites": [
        {
          "uuid": "166587c0-3bfd-42b4-b8b5-b2bf7a9394e2",
          "title": "Handling Checkboxes",
          "fullFile": "",
          "file": "",
          "beforeHooks": [],
          "afterHooks": [],
          "tests": [
            {
              "title": "Checking/Unchecking a particular Checkbox",
              "fullTitle": "Handling Checkboxes Checking/Unchecking a particular Checkbox",
              "timedOut": null,
              "duration": 12009,
              "state": "passed",
              "speed": "slow",
              "pass": true,
              "fail": false,
              "pending": false,
              "context": null,
              "code": "cy.visit('https://rahulshettyacademy.com/AutomationPractice/');\n//Checking\ncy.get('#checkBoxOption1').check().should('be.checked').and('have.value', 'option1');\n//Unchecking\ncy.get('#checkBoxOption1').uncheck().should('not.be.checked');",
              "err": {},
              "uuid": "d8cbbba3-1225-4ec5-aa2e-ff8c2eead939",
              "parentUUID": "166587c0-3bfd-42b4-b8b5-b2bf7a9394e2",
              "isHook": false,
              "skipped": false
            },
            {
              "title": "Check multiple checkboxes",
              "fullTitle": "Handling Checkboxes Check multiple checkboxes",
              "timedOut": null,
              "duration": 5568,
              "state": "passed",
              "speed": "medium",
              "pass": true,
              "fail": false,
              "pending": false,
              "context": null,
              "code": "cy.visit('https://rahulshettyacademy.com/AutomationPractice/');\ncy.get('input[type=\"checkbox\"]').check(['option2', 'option3']);",
              "err": {},
              "uuid": "c68a4e28-0ff8-4f56-87dd-4e97efd0ff09",
              "parentUUID": "166587c0-3bfd-42b4-b8b5-b2bf7a9394e2",
              "isHook": false,
              "skipped": false
            }
          ],
          "suites": [],
          "passes": [
            "d8cbbba3-1225-4ec5-aa2e-ff8c2eead939",
            "c68a4e28-0ff8-4f56-87dd-4e97efd0ff09"
          ],
          "failures": [],
          "pending": [],
          "skipped": [],
          "duration": 17577,
          "root": false,
          "rootEmpty": false,
          "_timeout": 2000
        }
      ],
      "passes": [],
      "failures": [],
      "pending": [],
      "skipped": [],
      "duration": 0,
      "root": true,
      "rootEmpty": true,
      "_timeout": 2000
    }
  ],
  "meta": {
    "mocha": {
      "version": "7.0.1"
    },
    "mochawesome": {
      "options": {
        "quiet": false,
        "reportFilename": "mochawesome",
        "saveHtml": false,
        "saveJson": true,
        "consoleReporter": "spec",
        "useInlineDiffs": false,
        "code": true
      },
      "version": "7.1.3"
    },
    "marge": {
      "options": {
        "overwrite": false,
        "html": false,
        "json": true,
        "reportDir": "cypress/reports/html/.jsons"
      },
      "version": "6.2.0"
    }
  }
}