{
  "stats": {
    "suites": 1,
    "tests": 1,
    "passes": 1,
    "pending": 0,
    "failures": 0,
    "start": "2024-05-05T05:10:08.441Z",
    "end": "2024-05-05T05:10:21.027Z",
    "duration": 12586,
    "testsRegistered": 1,
    "passPercent": 100,
    "pendingPercent": 0,
    "other": 0,
    "hasOther": false,
    "skipped": 0,
    "hasSkipped": false
  },
  "results": [
    {
      "uuid": "2bd5c477-fd85-40eb-aa49-cbef4446cd42",
      "title": "",
      "fullFile": "cypress/integration/examples/Checkout.js",
      "file": "cypress/integration/examples/Checkout.js",
      "beforeHooks": [],
      "afterHooks": [],
      "tests": [],
      "suites": [
        {
          "uuid": "5d457bdb-662f-46c5-9a23-7415a0a68fa9",
          "title": "Checkout suite",
          "fullFile": "",
          "file": "",
          "beforeHooks": [],
          "afterHooks": [],
          "tests": [
            {
              "title": "E2E Succesfull Checkout of 1kg of Beetroot",
              "fullTitle": "Checkout suite E2E Succesfull Checkout of 1kg of Beetroot",
              "timedOut": null,
              "duration": 8308,
              "state": "passed",
              "speed": "medium",
              "pass": true,
              "fail": false,
              "pending": false,
              "context": null,
              "code": "//Go to the desired page\ncy.visit(\"https://rahulshettyacademy.com/seleniumPractise/#/\");\n// Locate the search bar and write in it\ncy.get('.search-keyword').type('Be');\n// From the results of the search select the desired product and add it to the cart\ncy.get('.products').find('.product').each(($el, index, $list) => {\n  const productName = $el.find('.product-name').text();\n  if (productName.includes('Beetroot')) {\n    cy.wrap($el).find('button').click();\n  }\n});\n// Proceed to Checkout\ncy.get('.cart-icon').click();\ncy.get('button').contains('PROCEED TO CHECKOUT').click();\n//Place the Order\ncy.get('button').contains('Place Order').click();\n//Validate we are in the Checkout Page\ncy.get('button').contains('Proceed').should('be.visible');",
              "err": {},
              "uuid": "9956fb8d-c611-4423-86c7-126c50ac7d3a",
              "parentUUID": "5d457bdb-662f-46c5-9a23-7415a0a68fa9",
              "isHook": false,
              "skipped": false
            }
          ],
          "suites": [],
          "passes": [
            "9956fb8d-c611-4423-86c7-126c50ac7d3a"
          ],
          "failures": [],
          "pending": [],
          "skipped": [],
          "duration": 8308,
          "root": false,
          "rootEmpty": false,
          "_timeout": 2000
        }
      ],
      "passes": [],
      "failures": [],
      "pending": [],
      "skipped": [],
      "duration": 0,
      "root": true,
      "rootEmpty": true,
      "_timeout": 2000
    }
  ],
  "meta": {
    "mocha": {
      "version": "7.0.1"
    },
    "mochawesome": {
      "options": {
        "quiet": false,
        "reportFilename": "mochawesome",
        "saveHtml": false,
        "saveJson": true,
        "consoleReporter": "spec",
        "useInlineDiffs": false,
        "code": true
      },
      "version": "7.1.3"
    },
    "marge": {
      "options": {
        "overwrite": false,
        "html": false,
        "json": true,
        "reportDir": "cypress/reports/html/.jsons"
      },
      "version": "6.2.0"
    }
  }
}