{
  "stats": {
    "suites": 1,
    "tests": 2,
    "passes": 2,
    "pending": 0,
    "failures": 0,
    "start": "2024-05-05T05:12:07.428Z",
    "end": "2024-05-05T05:12:22.833Z",
    "duration": 15405,
    "testsRegistered": 2,
    "passPercent": 100,
    "pendingPercent": 0,
    "other": 0,
    "hasOther": false,
    "skipped": 0,
    "hasSkipped": false
  },
  "results": [
    {
      "uuid": "e8ae6d8b-3e9f-49ff-b143-c1a43c8db997",
      "title": "",
      "fullFile": "cypress/integration/examples/MouseHover.js",
      "file": "cypress/integration/examples/MouseHover.js",
      "beforeHooks": [],
      "afterHooks": [],
      "tests": [],
      "suites": [
        {
          "uuid": "b1c2c8fc-5c58-4153-b342-5589bbd838d6",
          "title": "Handling Mouse Hover actions",
          "fullFile": "",
          "file": "",
          "beforeHooks": [],
          "afterHooks": [],
          "tests": [
            {
              "title": "Hover options",
              "fullTitle": "Handling Mouse Hover actions Hover options",
              "timedOut": null,
              "duration": 8232,
              "state": "passed",
              "speed": "medium",
              "pass": true,
              "fail": false,
              "pending": false,
              "context": null,
              "code": "cy.visit('https://rahulshettyacademy.com/AutomationPractice/');\n// Show method should be applied to the immidiate parent of the hidden element \ncy.get('div.mouse-hover-content').invoke('show');\ncy.get('.mouse-hover-content a').contains('Top').click();\ncy.url().should('include', 'top');",
              "err": {},
              "uuid": "2e17c4b1-d843-4ba2-8e67-51dd8b7ab129",
              "parentUUID": "b1c2c8fc-5c58-4153-b342-5589bbd838d6",
              "isHook": false,
              "skipped": false
            },
            {
              "title": "Click on Hidden elements",
              "fullTitle": "Handling Mouse Hover actions Click on Hidden elements",
              "timedOut": null,
              "duration": 3233,
              "state": "passed",
              "speed": "fast",
              "pass": true,
              "fail": false,
              "pending": false,
              "context": null,
              "code": "cy.visit('https://rahulshettyacademy.com/AutomationPractice/');\ncy.get('.mouse-hover-content a').contains('Top').click({\n  force: true\n});\ncy.url().should('include', 'top');",
              "err": {},
              "uuid": "4d4cca8c-4e3e-423b-9dd4-7e2b93dbeba1",
              "parentUUID": "b1c2c8fc-5c58-4153-b342-5589bbd838d6",
              "isHook": false,
              "skipped": false
            }
          ],
          "suites": [],
          "passes": [
            "2e17c4b1-d843-4ba2-8e67-51dd8b7ab129",
            "4d4cca8c-4e3e-423b-9dd4-7e2b93dbeba1"
          ],
          "failures": [],
          "pending": [],
          "skipped": [],
          "duration": 11465,
          "root": false,
          "rootEmpty": false,
          "_timeout": 2000
        }
      ],
      "passes": [],
      "failures": [],
      "pending": [],
      "skipped": [],
      "duration": 0,
      "root": true,
      "rootEmpty": true,
      "_timeout": 2000
    }
  ],
  "meta": {
    "mocha": {
      "version": "7.0.1"
    },
    "mochawesome": {
      "options": {
        "quiet": false,
        "reportFilename": "mochawesome",
        "saveHtml": false,
        "saveJson": true,
        "consoleReporter": "spec",
        "useInlineDiffs": false,
        "code": true
      },
      "version": "7.1.3"
    },
    "marge": {
      "options": {
        "overwrite": false,
        "html": false,
        "json": true,
        "reportDir": "cypress/reports/html/.jsons"
      },
      "version": "6.2.0"
    }
  }
}