{
  "stats": {
    "suites": 1,
    "tests": 2,
    "passes": 2,
    "pending": 0,
    "failures": 0,
    "start": "2024-05-05T05:10:55.771Z",
    "end": "2024-05-05T05:11:13.406Z",
    "duration": 17635,
    "testsRegistered": 2,
    "passPercent": 100,
    "pendingPercent": 0,
    "other": 0,
    "hasOther": false,
    "skipped": 0,
    "hasSkipped": false
  },
  "results": [
    {
      "uuid": "0f2b3ac2-4399-4324-ba92-5d6423f15359",
      "title": "",
      "fullFile": "cypress/integration/examples/Dropdowns.js",
      "file": "cypress/integration/examples/Dropdowns.js",
      "beforeHooks": [],
      "afterHooks": [],
      "tests": [],
      "suites": [
        {
          "uuid": "66cab664-2d6a-4728-9e1f-a848940af974",
          "title": "Handling Dropdowns",
          "fullFile": "",
          "file": "",
          "beforeHooks": [],
          "afterHooks": [],
          "tests": [
            {
              "title": "Static Dropdowns",
              "fullTitle": "Handling Dropdowns Static Dropdowns",
              "timedOut": null,
              "duration": 8146,
              "state": "passed",
              "speed": "medium",
              "pass": true,
              "fail": false,
              "pending": false,
              "context": null,
              "code": "cy.visit('https://rahulshettyacademy.com/AutomationPractice/');\ncy.get('#dropdown-class-example').select('option2').should('have.value', 'option2');",
              "err": {},
              "uuid": "c3e3e106-5741-41b3-995e-e43d653fb963",
              "parentUUID": "66cab664-2d6a-4728-9e1f-a848940af974",
              "isHook": false,
              "skipped": false
            },
            {
              "title": "Dynamic Dropdowns",
              "fullTitle": "Handling Dropdowns Dynamic Dropdowns",
              "timedOut": null,
              "duration": 3862,
              "state": "passed",
              "speed": "fast",
              "pass": true,
              "fail": false,
              "pending": false,
              "context": null,
              "code": "cy.visit('https://rahulshettyacademy.com/AutomationPractice/');\ncy.get('#autocomplete').type('pa');\ncy.get('.ui-menu-item div').each(($el, index, $list) => {\n  if ($el.text() === 'Spain') {\n    cy.wrap($el).click();\n  }\n});\ncy.get('#autocomplete').should('have.value', 'Spain');",
              "err": {},
              "uuid": "3f61c938-1173-443c-b652-1c1bf795f99b",
              "parentUUID": "66cab664-2d6a-4728-9e1f-a848940af974",
              "isHook": false,
              "skipped": false
            }
          ],
          "suites": [],
          "passes": [
            "c3e3e106-5741-41b3-995e-e43d653fb963",
            "3f61c938-1173-443c-b652-1c1bf795f99b"
          ],
          "failures": [],
          "pending": [],
          "skipped": [],
          "duration": 12008,
          "root": false,
          "rootEmpty": false,
          "_timeout": 2000
        }
      ],
      "passes": [],
      "failures": [],
      "pending": [],
      "skipped": [],
      "duration": 0,
      "root": true,
      "rootEmpty": true,
      "_timeout": 2000
    }
  ],
  "meta": {
    "mocha": {
      "version": "7.0.1"
    },
    "mochawesome": {
      "options": {
        "quiet": false,
        "reportFilename": "mochawesome",
        "saveHtml": false,
        "saveJson": true,
        "consoleReporter": "spec",
        "useInlineDiffs": false,
        "code": true
      },
      "version": "7.1.3"
    },
    "marge": {
      "options": {
        "overwrite": false,
        "html": false,
        "json": true,
        "reportDir": "cypress/reports/html/.jsons"
      },
      "version": "6.2.0"
    }
  }
}