{
  "stats": {
    "suites": 1,
    "tests": 1,
    "passes": 1,
    "pending": 0,
    "failures": 0,
    "start": "2024-05-05T05:11:51.209Z",
    "end": "2024-05-05T05:12:04.997Z",
    "duration": 13788,
    "testsRegistered": 1,
    "passPercent": 100,
    "pendingPercent": 0,
    "other": 0,
    "hasOther": false,
    "skipped": 0,
    "hasSkipped": false
  },
  "results": [
    {
      "uuid": "7e3ba8c1-da97-44c5-8c82-9081208f3740",
      "title": "",
      "fullFile": "cypress/integration/examples/Frames.js",
      "file": "cypress/integration/examples/Frames.js",
      "beforeHooks": [],
      "afterHooks": [],
      "tests": [],
      "suites": [
        {
          "uuid": "b00bedb5-fa2f-4666-aa36-687580ba2bf8",
          "title": "Handling Frames",
          "fullFile": "",
          "file": "",
          "beforeHooks": [],
          "afterHooks": [],
          "tests": [
            {
              "title": "Selecting an element inside a frame",
              "fullTitle": "Handling Frames Selecting an element inside a frame",
              "timedOut": null,
              "duration": 10129,
              "state": "passed",
              "speed": "slow",
              "pass": true,
              "fail": false,
              "pending": false,
              "context": null,
              "code": "cy.visit('https://rahulshettyacademy.com/AutomationPractice/');\ncy.frameLoaded('#courses-iframe');\ncy.iframe().find('a[href*=\"mentorship\"]').eq(0).click();\ncy.wait(2000);\n//cy.iframe().find('h1[class*=\"pricing-title\"]').should('have.length',2)\ncy.iframe().find('h1').should('contain', 'Mentorship');",
              "err": {},
              "uuid": "5d85b3be-2fd2-475e-af7d-8ee2f77e93ab",
              "parentUUID": "b00bedb5-fa2f-4666-aa36-687580ba2bf8",
              "isHook": false,
              "skipped": false
            }
          ],
          "suites": [],
          "passes": [
            "5d85b3be-2fd2-475e-af7d-8ee2f77e93ab"
          ],
          "failures": [],
          "pending": [],
          "skipped": [],
          "duration": 10129,
          "root": false,
          "rootEmpty": false,
          "_timeout": 2000
        }
      ],
      "passes": [],
      "failures": [],
      "pending": [],
      "skipped": [],
      "duration": 0,
      "root": true,
      "rootEmpty": true,
      "_timeout": 2000
    }
  ],
  "meta": {
    "mocha": {
      "version": "7.0.1"
    },
    "mochawesome": {
      "options": {
        "quiet": false,
        "reportFilename": "mochawesome",
        "saveHtml": false,
        "saveJson": true,
        "consoleReporter": "spec",
        "useInlineDiffs": false,
        "code": true
      },
      "version": "7.1.3"
    },
    "marge": {
      "options": {
        "overwrite": false,
        "html": false,
        "json": true,
        "reportDir": "cypress/reports/html/.jsons"
      },
      "version": "6.2.0"
    }
  }
}