{
  "stats": {
    "suites": 1,
    "tests": 2,
    "passes": 2,
    "pending": 0,
    "failures": 0,
    "start": "2024-05-05T05:12:26.380Z",
    "end": "2024-05-05T05:12:41.752Z",
    "duration": 15372,
    "testsRegistered": 2,
    "passPercent": 100,
    "pendingPercent": 0,
    "other": 0,
    "hasOther": false,
    "skipped": 0,
    "hasSkipped": false
  },
  "results": [
    {
      "uuid": "17002a36-bcf4-436c-9268-5cb3d87a0766",
      "title": "",
      "fullFile": "cypress/integration/examples/POM.js",
      "file": "cypress/integration/examples/POM.js",
      "beforeHooks": [],
      "afterHooks": [],
      "tests": [],
      "suites": [
        {
          "uuid": "9a5c3c99-ba05-43d8-bd46-877176d895b4",
          "title": "Using Page Objects",
          "fullFile": "",
          "file": "",
          "beforeHooks": [],
          "afterHooks": [],
          "tests": [
            {
              "title": "Fill some values and validations",
              "fullTitle": "Using Page Objects Fill some values and validations",
              "timedOut": null,
              "duration": 3175,
              "state": "passed",
              "speed": "fast",
              "pass": true,
              "fail": false,
              "pending": false,
              "context": null,
              "code": "cy.visit(Cypress.env('url') + this.data.angularUrl);\nhomePage.getName().type(this.data.name);\nhomePage.getGender().select(this.data.gender);\n//validations\nhomePage.getTwoWayBinding().should('have.value', this.data.name);\nhomePage.getEntrepeneurRadio().should('be.disabled');",
              "err": {},
              "uuid": "96d1856d-284b-4903-aa61-011d64bf1232",
              "parentUUID": "9a5c3c99-ba05-43d8-bd46-877176d895b4",
              "isHook": false,
              "skipped": false
            },
            {
              "title": "Select Products and Checkout",
              "fullTitle": "Using Page Objects Select Products and Checkout",
              "timedOut": null,
              "duration": 8311,
              "state": "passed",
              "speed": "medium",
              "pass": true,
              "fail": false,
              "pending": false,
              "context": null,
              "code": "cy.visit(Cypress.env('url') + this.data.angularUrl);\nhomePage.goToShop().click();\n//select desired products\nthis.data.productNames.forEach(element => {\n  cy.selectProduct(element);\n});\n//validation\nproductPage.getCheckoutButton().should('contain', '2');\n//go to cart\nproductPage.getCheckoutButton().click();\nvar sumOfPrices = 0;\ncartPage.getAllPrices().each(($el, index, $list) => {\n  var actualPriceWithCurrency = $el.text().split(' ');\n  var actualPriceClean = Number(actualPriceWithCurrency[1].trim());\n  sumOfPrices += actualPriceClean;\n}).then(function () {\n  cartPage.getTotalPrice().then(function (element) {\n    var actualTotal = element.text().split(' ');\n    var cleanTotal = Number(actualTotal[1].trim());\n    expect(cleanTotal).to.equal(sumOfPrices);\n  });\n});\n//go to Checkout\ncartPage.getCheckoutButton().click();\ncheckoutPage.getCountryInput().type('Spain');\ncheckoutPage.getSelectedCountry().click();\ncheckoutPage.getAcceptConditions().click({\n  force: true\n});\n//Validate Purchase\ncheckoutPage.getPurchaseButton().click();\ncheckoutPage.getConfirmationMessage().should('contain', 'Success');",
              "err": {},
              "uuid": "fb9d62f1-64f9-46bf-894d-716eb5d99748",
              "parentUUID": "9a5c3c99-ba05-43d8-bd46-877176d895b4",
              "isHook": false,
              "skipped": false
            }
          ],
          "suites": [],
          "passes": [
            "96d1856d-284b-4903-aa61-011d64bf1232",
            "fb9d62f1-64f9-46bf-894d-716eb5d99748"
          ],
          "failures": [],
          "pending": [],
          "skipped": [],
          "duration": 11486,
          "root": false,
          "rootEmpty": false,
          "_timeout": 2000
        }
      ],
      "passes": [],
      "failures": [],
      "pending": [],
      "skipped": [],
      "duration": 0,
      "root": true,
      "rootEmpty": true,
      "_timeout": 2000
    }
  ],
  "meta": {
    "mocha": {
      "version": "7.0.1"
    },
    "mochawesome": {
      "options": {
        "quiet": false,
        "reportFilename": "mochawesome",
        "saveHtml": false,
        "saveJson": true,
        "consoleReporter": "spec",
        "useInlineDiffs": false,
        "code": true
      },
      "version": "7.1.3"
    },
    "marge": {
      "options": {
        "overwrite": false,
        "html": false,
        "json": true,
        "reportDir": "cypress/reports/html/.jsons"
      },
      "version": "6.2.0"
    }
  }
}